<?xml version="1.0" encoding="UTF-8"?>
<testng-results ignored="0" total="1" passed="1" failed="0" skipped="0">
  <reporter-output>
  </reporter-output>
  <suite started-at="2023-10-17T09:42:22 IST" name="Suite" finished-at="2023-10-17T09:42:54 IST" duration-ms="32637">
    <groups>
    </groups>
    <test started-at="2023-10-17T09:42:22 IST" name="Test" finished-at="2023-10-17T09:42:54 IST" duration-ms="32637">
      <class name="TestCases.TC_01Logintest">
        <test-method is-config="true" signature="setUp()[pri:0, instance:TestCases.TC_01Logintest@23c30a20]" started-at="2023-10-17T09:42:22 IST" name="setUp" finished-at="2023-10-17T09:42:30 IST" duration-ms="7942" status="PASS">
          <reporter-output>
          </reporter-output>
        </test-method> <!-- setUp -->
        <test-method signature="loginTest()[pri:0, instance:TestCases.TC_01Logintest@23c30a20]" started-at="2023-10-17T09:42:30 IST" name="loginTest" finished-at="2023-10-17T09:42:54 IST" duration-ms="23767" status="PASS">
          <reporter-output>
          </reporter-output>
        </test-method> <!-- loginTest -->
        <test-method is-config="true" signature="tearUp()[pri:0, instance:TestCases.TC_01Logintest@23c30a20]" started-at="2023-10-17T09:42:54 IST" name="tearUp" finished-at="2023-10-17T09:42:54 IST" duration-ms="789" status="PASS">
          <reporter-output>
          </reporter-output>
        </test-method> <!-- tearUp -->
      </class> <!-- TestCases.TC_01Logintest -->
    </test> <!-- Test -->
  </suite> <!-- Suite -->
</testng-results>
